[01m[K/home/sebastian/ros_ws/src/localization_data_pub/src/odom_pub.cpp:[m[K In member function ‘[01m[Kbool OdomCalc::init()[m[K’:
[01m[K/home/sebastian/ros_ws/src/localization_data_pub/src/odom_pub.cpp:44:75:[m[K [01;31m[Kerror: [m[Kno matching function for call to ‘[01m[Kros::NodeHandle::subscribe(const char [11], int, void (OdomCalc::*)(const PoseStamped&))[m[K’
   44 |   subInitialPose = nh.subscribe("initial_2d", 1, &OdomCalc::set_initial_2d[01;31m[K)[m[K;
      |                                                                           [01;31m[K^[m[K
In file included from [01m[K/opt/ros/noetic/include/ros/ros.h:45[m[K,
                 from [01m[K/home/sebastian/ros_ws/src/localization_data_pub/include/localization_data_pub/odom_pub.h:4[m[K,
                 from [01m[K/home/sebastian/ros_ws/src/localization_data_pub/src/odom_pub.cpp:1[m[K:
[01m[K/opt/ros/noetic/include/ros/node_handle.h:402:14:[m[K [01;36m[Knote: [m[Kcandidate: ‘[01m[Ktemplate<class M, class T> ros::Subscriber ros::NodeHandle::subscribe(const string&, uint32_t, void (T::*)(M), T*, const ros::TransportHints&)[m[K’
  402 |   Subscriber [01;36m[Ksubscribe[m[K(const std::string& topic, uint32_t queue_size, void(T::*fp)(M), T* obj,
      |              [01;36m[K^~~~~~~~~[m[K
[01m[K/opt/ros/noetic/include/ros/node_handle.h:402:14:[m[K [01;36m[Knote: [m[K  template argument deduction/substitution failed:
[01m[K/home/sebastian/ros_ws/src/localization_data_pub/src/odom_pub.cpp:44:75:[m[K [01;36m[Knote: [m[K  candidate expects 5 arguments, 3 provided
   44 |   subInitialPose = nh.subscribe("initial_2d", 1, &OdomCalc::set_initial_2d[01;36m[K)[m[K;
      |                                                                           [01;36m[K^[m[K
In file included from [01m[K/opt/ros/noetic/include/ros/ros.h:45[m[K,
                 from [01m[K/home/sebastian/ros_ws/src/localization_data_pub/include/localization_data_pub/odom_pub.h:4[m[K,
                 from [01m[K/home/sebastian/ros_ws/src/localization_data_pub/src/odom_pub.cpp:1[m[K:
[01m[K/opt/ros/noetic/include/ros/node_handle.h:413:14:[m[K [01;36m[Knote: [m[Kcandidate: ‘[01m[Ktemplate<class M, class T> ros::Subscriber ros::NodeHandle::subscribe(const string&, uint32_t, void (T::*)(M) const, T*, const ros::TransportHints&)[m[K’
  413 |   Subscriber [01;36m[Ksubscribe[m[K(const std::string& topic, uint32_t queue_size, void(T::*fp)(M) const, T* obj,
      |              [01;36m[K^~~~~~~~~[m[K
[01m[K/opt/ros/noetic/include/ros/node_handle.h:413:14:[m[K [01;36m[Knote: [m[K  template argument deduction/substitution failed:
[01m[K/home/sebastian/ros_ws/src/localization_data_pub/src/odom_pub.cpp:44:75:[m[K [01;36m[Knote: [m[K  types ‘[01m[Kvoid (T::)(M) const[m[K’ and ‘[01m[Kvoid (OdomCalc::)(const PoseStamped&)[m[K’ {aka ‘[01m[Kvoid (OdomCalc::)(const geometry_msgs::PoseStamped_<std::allocator<void> >&)[m[K’} have incompatible cv-qualifiers
   44 |   subInitialPose = nh.subscribe("initial_2d", 1, &OdomCalc::set_initial_2d[01;36m[K)[m[K;
      |                                                                           [01;36m[K^[m[K
In file included from [01m[K/opt/ros/noetic/include/ros/ros.h:45[m[K,
                 from [01m[K/home/sebastian/ros_ws/src/localization_data_pub/include/localization_data_pub/odom_pub.h:4[m[K,
                 from [01m[K/home/sebastian/ros_ws/src/localization_data_pub/src/odom_pub.cpp:1[m[K:
[01m[K/opt/ros/noetic/include/ros/node_handle.h:465:14:[m[K [01;36m[Knote: [m[Kcandidate: ‘[01m[Ktemplate<class M, class T> ros::Subscriber ros::NodeHandle::subscribe(const string&, uint32_t, void (T::*)(const boost::shared_ptr<const M>&), T*, const ros::TransportHints&)[m[K’
  465 |   Subscriber [01;36m[Ksubscribe[m[K(const std::string& topic, uint32_t queue_size,
      |              [01;36m[K^~~~~~~~~[m[K
[01m[K/opt/ros/noetic/include/ros/node_handle.h:465:14:[m[K [01;36m[Knote: [m[K  template argument deduction/substitution failed:
[01m[K/home/sebastian/ros_ws/src/localization_data_pub/src/odom_pub.cpp:44:75:[m[K [01;36m[Knote: [m[K  mismatched types ‘[01m[Kconst boost::shared_ptr<const M>[m[K’ and ‘[01m[Kconst PoseStamped[m[K’ {aka ‘[01m[Kconst geometry_msgs::PoseStamped_<std::allocator<void> >[m[K’}
   44 |   subInitialPose = nh.subscribe("initial_2d", 1, &OdomCalc::set_initial_2d[01;36m[K)[m[K;
      |                                                                           [01;36m[K^[m[K
In file included from [01m[K/opt/ros/noetic/include/ros/ros.h:45[m[K,
                 from [01m[K/home/sebastian/ros_ws/src/localization_data_pub/include/localization_data_pub/odom_pub.h:4[m[K,
                 from [01m[K/home/sebastian/ros_ws/src/localization_data_pub/src/odom_pub.cpp:1[m[K:
[01m[K/opt/ros/noetic/include/ros/node_handle.h:475:14:[m[K [01;36m[Knote: [m[Kcandidate: ‘[01m[Ktemplate<class M, class T> ros::Subscriber ros::NodeHandle::subscribe(const string&, uint32_t, void (T::*)(const boost::shared_ptr<const M>&) const, T*, const ros::TransportHints&)[m[K’
  475 |   Subscriber [01;36m[Ksubscribe[m[K(const std::string& topic, uint32_t queue_size,
      |              [01;36m[K^~~~~~~~~[m[K
[01m[K/opt/ros/noetic/include/ros/node_handle.h:475:14:[m[K [01;36m[Knote: [m[K  template argument deduction/substitution failed:
[01m[K/home/sebastian/ros_ws/src/localization_data_pub/src/odom_pub.cpp:44:75:[m[K [01;36m[Knote: [m[K  types ‘[01m[Kvoid (T::)(const boost::shared_ptr<const M>&) const[m[K’ and ‘[01m[Kvoid (OdomCalc::)(const PoseStamped&)[m[K’ {aka ‘[01m[Kvoid (OdomCalc::)(const geometry_msgs::PoseStamped_<std::allocator<void> >&)[m[K’} have incompatible cv-qualifiers
   44 |   subInitialPose = nh.subscribe("initial_2d", 1, &OdomCalc::set_initial_2d[01;36m[K)[m[K;
      |                                                                           [01;36m[K^[m[K
In file included from [01m[K/opt/ros/noetic/include/ros/ros.h:45[m[K,
                 from [01m[K/home/sebastian/ros_ws/src/localization_data_pub/include/localization_data_pub/odom_pub.h:4[m[K,
                 from [01m[K/home/sebastian/ros_ws/src/localization_data_pub/src/odom_pub.cpp:1[m[K:
[01m[K/opt/ros/noetic/include/ros/node_handle.h:529:14:[m[K [01;36m[Knote: [m[Kcandidate: ‘[01m[Ktemplate<class M, class T> ros::Subscriber ros::NodeHandle::subscribe(const string&, uint32_t, void (T::*)(M), const boost::shared_ptr<U>&, const ros::TransportHints&)[m[K’
  529 |   Subscriber [01;36m[Ksubscribe[m[K(const std::string& topic, uint32_t queue_size, void(T::*fp)(M),
      |              [01;36m[K^~~~~~~~~[m[K
[01m[K/opt/ros/noetic/include/ros/node_handle.h:529:14:[m[K [01;36m[Knote: [m[K  template argument deduction/substitution failed:
[01m[K/home/sebastian/ros_ws/src/localization_data_pub/src/odom_pub.cpp:44:75:[m[K [01;36m[Knote: [m[K  candidate expects 5 arguments, 3 provided
   44 |   subInitialPose = nh.subscribe("initial_2d", 1, &OdomCalc::set_initial_2d[01;36m[K)[m[K;
      |                                                                           [01;36m[K^[m[K
In file included from [01m[K/opt/ros/noetic/include/ros/ros.h:45[m[K,
                 from [01m[K/home/sebastian/ros_ws/src/localization_data_pub/include/localization_data_pub/odom_pub.h:4[m[K,
                 from [01m[K/home/sebastian/ros_ws/src/localization_data_pub/src/odom_pub.cpp:1[m[K:
[01m[K/opt/ros/noetic/include/ros/node_handle.h:540:14:[m[K [01;36m[Knote: [m[Kcandidate: ‘[01m[Ktemplate<class M, class T> ros::Subscriber ros::NodeHandle::subscribe(const string&, uint32_t, void (T::*)(M) const, const boost::shared_ptr<U>&, const ros::TransportHints&)[m[K’
  540 |   Subscriber [01;36m[Ksubscribe[m[K(const std::string& topic, uint32_t queue_size, void(T::*fp)(M) const,
      |              [01;36m[K^~~~~~~~~[m[K
[01m[K/opt/ros/noetic/include/ros/node_handle.h:540:14:[m[K [01;36m[Knote: [m[K  template argument deduction/substitution failed:
[01m[K/home/sebastian/ros_ws/src/localization_data_pub/src/odom_pub.cpp:44:75:[m[K [01;36m[Knote: [m[K  types ‘[01m[Kvoid (T::)(M) const[m[K’ and ‘[01m[Kvoid (OdomCalc::)(const PoseStamped&)[m[K’ {aka ‘[01m[Kvoid (OdomCalc::)(const geometry_msgs::PoseStamped_<std::allocator<void> >&)[m[K’} have incompatible cv-qualifiers
   44 |   subInitialPose = nh.subscribe("initial_2d", 1, &OdomCalc::set_initial_2d[01;36m[K)[m[K;
      |                                                                           [01;36m[K^[m[K
In file included from [01m[K/opt/ros/noetic/include/ros/ros.h:45[m[K,
                 from [01m[K/home/sebastian/ros_ws/src/localization_data_pub/include/localization_data_pub/odom_pub.h:4[m[K,
                 from [01m[K/home/sebastian/ros_ws/src/localization_data_pub/src/odom_pub.cpp:1[m[K:
[01m[K/opt/ros/noetic/include/ros/node_handle.h:594:14:[m[K [01;36m[Knote: [m[Kcandidate: ‘[01m[Ktemplate<class M, class T> ros::Subscriber ros::NodeHandle::subscribe(const string&, uint32_t, void (T::*)(const boost::shared_ptr<const M>&), const boost::shared_ptr<U>&, const ros::TransportHints&)[m[K’
  594 |   Subscriber [01;36m[Ksubscribe[m[K(const std::string& topic, uint32_t queue_size,
      |              [01;36m[K^~~~~~~~~[m[K
[01m[K/opt/ros/noetic/include/ros/node_handle.h:594:14:[m[K [01;36m[Knote: [m[K  template argument deduction/substitution failed:
[01m[K/home/sebastian/ros_ws/src/localization_data_pub/src/odom_pub.cpp:44:75:[m[K [01;36m[Knote: [m[K  mismatched types ‘[01m[Kconst boost::shared_ptr<const M>[m[K’ and ‘[01m[Kconst PoseStamped[m[K’ {aka ‘[01m[Kconst geometry_msgs::PoseStamped_<std::allocator<void> >[m[K’}
   44 |   subInitialPose = nh.subscribe("initial_2d", 1, &OdomCalc::set_initial_2d[01;36m[K)[m[K;
      |                                                                           [01;36m[K^[m[K
In file included from [01m[K/opt/ros/noetic/include/ros/ros.h:45[m[K,
                 from [01m[K/home/sebastian/ros_ws/src/localization_data_pub/include/localization_data_pub/odom_pub.h:4[m[K,
                 from [01m[K/home/sebastian/ros_ws/src/localization_data_pub/src/odom_pub.cpp:1[m[K:
[01m[K/opt/ros/noetic/include/ros/node_handle.h:605:14:[m[K [01;36m[Knote: [m[Kcandidate: ‘[01m[Ktemplate<class M, class T> ros::Subscriber ros::NodeHandle::subscribe(const string&, uint32_t, void (T::*)(const boost::shared_ptr<const M>&) const, const boost::shared_ptr<U>&, const ros::TransportHints&)[m[K’
  605 |   Subscriber [01;36m[Ksubscribe[m[K(const std::string& topic, uint32_t queue_size,
      |              [01;36m[K^~~~~~~~~[m[K
[01m[K/opt/ros/noetic/include/ros/node_handle.h:605:14:[m[K [01;36m[Knote: [m[K  template argument deduction/substitution failed:
[01m[K/home/sebastian/ros_ws/src/localization_data_pub/src/odom_pub.cpp:44:75:[m[K [01;36m[Knote: [m[K  types ‘[01m[Kvoid (T::)(const boost::shared_ptr<const M>&) const[m[K’ and ‘[01m[Kvoid (OdomCalc::)(const PoseStamped&)[m[K’ {aka ‘[01m[Kvoid (OdomCalc::)(const geometry_msgs::PoseStamped_<std::allocator<void> >&)[m[K’} have incompatible cv-qualifiers
   44 |   subInitialPose = nh.subscribe("initial_2d", 1, &OdomCalc::set_initial_2d[01;36m[K)[m[K;
      |                                                                           [01;36m[K^[m[K
In file included from [01m[K/opt/ros/noetic/include/ros/ros.h:45[m[K,
                 from [01m[K/home/sebastian/ros_ws/src/localization_data_pub/include/localization_data_pub/odom_pub.h:4[m[K,
                 from [01m[K/home/sebastian/ros_ws/src/localization_data_pub/src/odom_pub.cpp:1[m[K:
[01m[K/opt/ros/noetic/include/ros/node_handle.h:656:14:[m[K [01;36m[Knote: [m[Kcandidate: ‘[01m[Ktemplate<class M> ros::Subscriber ros::NodeHandle::subscribe(const string&, uint32_t, void (*)(M), const ros::TransportHints&)[m[K’
  656 |   Subscriber [01;36m[Ksubscribe[m[K(const std::string& topic, uint32_t queue_size, void(*fp)(M), const TransportHints& transport_hints = TransportHints())
      |              [01;36m[K^~~~~~~~~[m[K
[01m[K/opt/ros/noetic/include/ros/node_handle.h:656:14:[m[K [01;36m[Knote: [m[K  template argument deduction/substitution failed:
[01m[K/home/sebastian/ros_ws/src/localization_data_pub/src/odom_pub.cpp:44:75:[m[K [01;36m[Knote: [m[K  mismatched types ‘[01m[Kvoid (*)(M)[m[K’ and ‘[01m[Kvoid (OdomCalc::*)(const PoseStamped&)[m[K’ {aka ‘[01m[Kvoid (OdomCalc::*)(const geometry_msgs::PoseStamped_<std::allocator<void> >&)[m[K’}
   44 |   subInitialPose = nh.subscribe("initial_2d", 1, &OdomCalc::set_initial_2d[01;36m[K)[m[K;
      |                                                                           [01;36m[K^[m[K
In file included from [01m[K/opt/ros/noetic/include/ros/ros.h:45[m[K,
                 from [01m[K/home/sebastian/ros_ws/src/localization_data_pub/include/localization_data_pub/odom_pub.h:4[m[K,
                 from [01m[K/home/sebastian/ros_ws/src/localization_data_pub/src/odom_pub.cpp:1[m[K:
[01m[K/opt/ros/noetic/include/ros/node_handle.h:704:14:[m[K [01;36m[Knote: [m[Kcandidate: ‘[01m[Ktemplate<class M> ros::Subscriber ros::NodeHandle::subscribe(const string&, uint32_t, void (*)(const boost::shared_ptr<const M>&), const ros::TransportHints&)[m[K’
  704 |   Subscriber [01;36m[Ksubscribe[m[K(const std::string& topic, uint32_t queue_size, void(*fp)(const boost::shared_ptr<M const>&), const TransportHints& transport_hints = TransportHints())
      |              [01;36m[K^~~~~~~~~[m[K
[01m[K/opt/ros/noetic/include/ros/node_handle.h:704:14:[m[K [01;36m[Knote: [m[K  template argument deduction/substitution failed:
[01m[K/home/sebastian/ros_ws/src/localization_data_pub/src/odom_pub.cpp:44:75:[m[K [01;36m[Knote: [m[K  mismatched types ‘[01m[Kvoid (*)(const boost::shared_ptr<const M>&)[m[K’ and ‘[01m[Kvoid (OdomCalc::*)(const PoseStamped&)[m[K’ {aka ‘[01m[Kvoid (OdomCalc::*)(const geometry_msgs::PoseStamped_<std::allocator<void> >&)[m[K’}
   44 |   subInitialPose = nh.subscribe("initial_2d", 1, &OdomCalc::set_initial_2d[01;36m[K)[m[K;
      |                                                                           [01;36m[K^[m[K
In file included from [01m[K/opt/ros/noetic/include/ros/ros.h:45[m[K,
                 from [01m[K/home/sebastian/ros_ws/src/localization_data_pub/include/localization_data_pub/odom_pub.h:4[m[K,
                 from [01m[K/home/sebastian/ros_ws/src/localization_data_pub/src/odom_pub.cpp:1[m[K:
[01m[K/opt/ros/noetic/include/ros/node_handle.h:750:14:[m[K [01;36m[Knote: [m[Kcandidate: ‘[01m[Ktemplate<class M> ros::Subscriber ros::NodeHandle::subscribe(const string&, uint32_t, const boost::function<void(const boost::shared_ptr<const M>&)>&, const VoidConstPtr&, const ros::TransportHints&)[m[K’
  750 |   Subscriber [01;36m[Ksubscribe[m[K(const std::string& topic, uint32_t queue_size, const boost::function<void (const boost::shared_ptr<M const>&)>& callback,
      |              [01;36m[K^~~~~~~~~[m[K
[01m[K/opt/ros/noetic/include/ros/node_handle.h:750:14:[m[K [01;36m[Knote: [m[K  template argument deduction/substitution failed:
[01m[K/home/sebastian/ros_ws/src/localization_data_pub/src/odom_pub.cpp:44:75:[m[K [01;36m[Knote: [m[K  mismatched types ‘[01m[Kconst boost::function<void(const boost::shared_ptr<const M>&)>[m[K’ and ‘[01m[Kvoid (OdomCalc::*)(const PoseStamped&)[m[K’ {aka ‘[01m[Kvoid (OdomCalc::*)(const geometry_msgs::PoseStamped_<std::allocator<void> >&)[m[K’}
   44 |   subInitialPose = nh.subscribe("initial_2d", 1, &OdomCalc::set_initial_2d[01;36m[K)[m[K;
      |                                                                           [01;36m[K^[m[K
In file included from [01m[K/opt/ros/noetic/include/ros/ros.h:45[m[K,
                 from [01m[K/home/sebastian/ros_ws/src/localization_data_pub/include/localization_data_pub/odom_pub.h:4[m[K,
                 from [01m[K/home/sebastian/ros_ws/src/localization_data_pub/src/odom_pub.cpp:1[m[K:
[01m[K/opt/ros/noetic/include/ros/node_handle.h:799:14:[m[K [01;36m[Knote: [m[Kcandidate: ‘[01m[Ktemplate<class M, class C> ros::Subscriber ros::NodeHandle::subscribe(const string&, uint32_t, const boost::function<void(C)>&, const VoidConstPtr&, const ros::TransportHints&)[m[K’
  799 |   Subscriber [01;36m[Ksubscribe[m[K(const std::string& topic, uint32_t queue_size, const boost::function<void (C)>& callback,
      |              [01;36m[K^~~~~~~~~[m[K
[01m[K/opt/ros/noetic/include/ros/node_handle.h:799:14:[m[K [01;36m[Knote: [m[K  template argument deduction/substitution failed:
[01m[K/home/sebastian/ros_ws/src/localization_data_pub/src/odom_pub.cpp:44:75:[m[K [01;36m[Knote: [m[K  mismatched types ‘[01m[Kconst boost::function<void(C)>[m[K’ and ‘[01m[Kvoid (OdomCalc::*)(const PoseStamped&)[m[K’ {aka ‘[01m[Kvoid (OdomCalc::*)(const geometry_msgs::PoseStamped_<std::allocator<void> >&)[m[K’}
   44 |   subInitialPose = nh.subscribe("initial_2d", 1, &OdomCalc::set_initial_2d[01;36m[K)[m[K;
      |                                                                           [01;36m[K^[m[K
In file included from [01m[K/opt/ros/noetic/include/ros/ros.h:45[m[K,
                 from [01m[K/home/sebastian/ros_ws/src/localization_data_pub/include/localization_data_pub/odom_pub.h:4[m[K,
                 from [01m[K/home/sebastian/ros_ws/src/localization_data_pub/src/odom_pub.cpp:1[m[K:
[01m[K/opt/ros/noetic/include/ros/node_handle.h:836:14:[m[K [01;36m[Knote: [m[Kcandidate: ‘[01m[Kros::Subscriber ros::NodeHandle::subscribe(ros::SubscribeOptions&)[m[K’
  836 |   Subscriber [01;36m[Ksubscribe[m[K(SubscribeOptions& ops);
      |              [01;36m[K^~~~~~~~~[m[K
[01m[K/opt/ros/noetic/include/ros/node_handle.h:836:14:[m[K [01;36m[Knote: [m[K  candidate expects 1 argument, 3 provided
[01m[K/home/sebastian/ros_ws/src/localization_data_pub/src/odom_pub.cpp:[m[K In function ‘[01m[Kvoid publish_quat()[m[K’:
[01m[K/home/sebastian/ros_ws/src/localization_data_pub/src/odom_pub.cpp:101:18:[m[K [01;31m[Kerror: [m[K‘[01m[KodomNew[m[K’ was not declared in this scope
  101 |   q.setRPY(0, 0, [01;31m[KodomNew[m[K.pose.pose.orientation.z);
      |                  [01;31m[K^~~~~~~[m[K
[01m[K/home/sebastian/ros_ws/src/localization_data_pub/src/odom_pub.cpp:133:3:[m[K [01;31m[Kerror: [m[K‘[01m[Kodom_data_pub_quat[m[K’ was not declared in this scope
  133 |   [01;31m[Kodom_data_pub_quat[m[K.publish(quatOdom);
      |   [01;31m[K^~~~~~~~~~~~~~~~~~[m[K
make[2]: *** [CMakeFiles/localization_data_pub.dir/build.make:63: CMakeFiles/localization_data_pub.dir/src/odom_pub.cpp.o] Error 1
make[1]: *** [CMakeFiles/Makefile2:1726: CMakeFiles/localization_data_pub.dir/all] Error 2
make: *** [Makefile:141: all] Error 2
