[01m[K/home/sebastian/ros_ws/src/mobile_robot/src/mobilerobot_drive.cpp:[m[K In member function ‘[01m[Kbool MobileRobot::init()[m[K’:
[01m[K/home/sebastian/ros_ws/src/mobile_robot/src/mobilerobot_drive.cpp:22:85:[m[K [01;31m[Kerror: [m[Kno matching function for call to ‘[01m[Kros::NodeHandle::subscribe(const char [12], int, void (MobileRobot::*)(), MobileRobot*)[m[K’
   22 |     range_sub = nh.subscribe("/ultrasonic", 10, &MobileRobot::rangeMsgcallBack, this[01;31m[K)[m[K;
      |                                                                                     [01;31m[K^[m[K
In file included from [01m[K/opt/ros/noetic/include/ros/ros.h:45[m[K,
                 from [01m[K/home/sebastian/ros_ws/src/mobile_robot/include/mobile_robot/mobilerobot_drive.h:4[m[K,
                 from [01m[K/home/sebastian/ros_ws/src/mobile_robot/src/mobilerobot_drive.cpp:1[m[K:
[01m[K/opt/ros/noetic/include/ros/node_handle.h:402:14:[m[K [01;36m[Knote: [m[Kcandidate: ‘[01m[Ktemplate<class M, class T> ros::Subscriber ros::NodeHandle::subscribe(const string&, uint32_t, void (T::*)(M), T*, const ros::TransportHints&)[m[K’
  402 |   Subscriber [01;36m[Ksubscribe[m[K(const std::string& topic, uint32_t queue_size, void(T::*fp)(M), T* obj,
      |              [01;36m[K^~~~~~~~~[m[K
[01m[K/opt/ros/noetic/include/ros/node_handle.h:402:14:[m[K [01;36m[Knote: [m[K  template argument deduction/substitution failed:
[01m[K/home/sebastian/ros_ws/src/mobile_robot/src/mobilerobot_drive.cpp:22:85:[m[K [01;36m[Knote: [m[K  candidate expects 2 arguments, 1 provided
   22 |     range_sub = nh.subscribe("/ultrasonic", 10, &MobileRobot::rangeMsgcallBack, this[01;36m[K)[m[K;
      |                                                                                     [01;36m[K^[m[K
In file included from [01m[K/opt/ros/noetic/include/ros/ros.h:45[m[K,
                 from [01m[K/home/sebastian/ros_ws/src/mobile_robot/include/mobile_robot/mobilerobot_drive.h:4[m[K,
                 from [01m[K/home/sebastian/ros_ws/src/mobile_robot/src/mobilerobot_drive.cpp:1[m[K:
[01m[K/opt/ros/noetic/include/ros/node_handle.h:413:14:[m[K [01;36m[Knote: [m[Kcandidate: ‘[01m[Ktemplate<class M, class T> ros::Subscriber ros::NodeHandle::subscribe(const string&, uint32_t, void (T::*)(M) const, T*, const ros::TransportHints&)[m[K’
  413 |   Subscriber [01;36m[Ksubscribe[m[K(const std::string& topic, uint32_t queue_size, void(T::*fp)(M) const, T* obj,
      |              [01;36m[K^~~~~~~~~[m[K
[01m[K/opt/ros/noetic/include/ros/node_handle.h:413:14:[m[K [01;36m[Knote: [m[K  template argument deduction/substitution failed:
[01m[K/home/sebastian/ros_ws/src/mobile_robot/src/mobilerobot_drive.cpp:22:85:[m[K [01;36m[Knote: [m[K  types ‘[01m[Kvoid (T::)(M) const[m[K’ and ‘[01m[Kvoid (MobileRobot::)()[m[K’ have incompatible cv-qualifiers
   22 |     range_sub = nh.subscribe("/ultrasonic", 10, &MobileRobot::rangeMsgcallBack, this[01;36m[K)[m[K;
      |                                                                                     [01;36m[K^[m[K
In file included from [01m[K/opt/ros/noetic/include/ros/ros.h:45[m[K,
                 from [01m[K/home/sebastian/ros_ws/src/mobile_robot/include/mobile_robot/mobilerobot_drive.h:4[m[K,
                 from [01m[K/home/sebastian/ros_ws/src/mobile_robot/src/mobilerobot_drive.cpp:1[m[K:
[01m[K/opt/ros/noetic/include/ros/node_handle.h:465:14:[m[K [01;36m[Knote: [m[Kcandidate: ‘[01m[Ktemplate<class M, class T> ros::Subscriber ros::NodeHandle::subscribe(const string&, uint32_t, void (T::*)(const boost::shared_ptr<const M>&), T*, const ros::TransportHints&)[m[K’
  465 |   Subscriber [01;36m[Ksubscribe[m[K(const std::string& topic, uint32_t queue_size,
      |              [01;36m[K^~~~~~~~~[m[K
[01m[K/opt/ros/noetic/include/ros/node_handle.h:465:14:[m[K [01;36m[Knote: [m[K  template argument deduction/substitution failed:
[01m[K/home/sebastian/ros_ws/src/mobile_robot/src/mobilerobot_drive.cpp:22:85:[m[K [01;36m[Knote: [m[K  candidate expects 2 arguments, 1 provided
   22 |     range_sub = nh.subscribe("/ultrasonic", 10, &MobileRobot::rangeMsgcallBack, this[01;36m[K)[m[K;
      |                                                                                     [01;36m[K^[m[K
In file included from [01m[K/opt/ros/noetic/include/ros/ros.h:45[m[K,
                 from [01m[K/home/sebastian/ros_ws/src/mobile_robot/include/mobile_robot/mobilerobot_drive.h:4[m[K,
                 from [01m[K/home/sebastian/ros_ws/src/mobile_robot/src/mobilerobot_drive.cpp:1[m[K:
[01m[K/opt/ros/noetic/include/ros/node_handle.h:475:14:[m[K [01;36m[Knote: [m[Kcandidate: ‘[01m[Ktemplate<class M, class T> ros::Subscriber ros::NodeHandle::subscribe(const string&, uint32_t, void (T::*)(const boost::shared_ptr<const M>&) const, T*, const ros::TransportHints&)[m[K’
  475 |   Subscriber [01;36m[Ksubscribe[m[K(const std::string& topic, uint32_t queue_size,
      |              [01;36m[K^~~~~~~~~[m[K
[01m[K/opt/ros/noetic/include/ros/node_handle.h:475:14:[m[K [01;36m[Knote: [m[K  template argument deduction/substitution failed:
[01m[K/home/sebastian/ros_ws/src/mobile_robot/src/mobilerobot_drive.cpp:22:85:[m[K [01;36m[Knote: [m[K  types ‘[01m[Kvoid (T::)(const boost::shared_ptr<const M>&) const[m[K’ and ‘[01m[Kvoid (MobileRobot::)()[m[K’ have incompatible cv-qualifiers
   22 |     range_sub = nh.subscribe("/ultrasonic", 10, &MobileRobot::rangeMsgcallBack, this[01;36m[K)[m[K;
      |                                                                                     [01;36m[K^[m[K
In file included from [01m[K/opt/ros/noetic/include/ros/ros.h:45[m[K,
                 from [01m[K/home/sebastian/ros_ws/src/mobile_robot/include/mobile_robot/mobilerobot_drive.h:4[m[K,
                 from [01m[K/home/sebastian/ros_ws/src/mobile_robot/src/mobilerobot_drive.cpp:1[m[K:
[01m[K/opt/ros/noetic/include/ros/node_handle.h:529:14:[m[K [01;36m[Knote: [m[Kcandidate: ‘[01m[Ktemplate<class M, class T> ros::Subscriber ros::NodeHandle::subscribe(const string&, uint32_t, void (T::*)(M), const boost::shared_ptr<U>&, const ros::TransportHints&)[m[K’
  529 |   Subscriber [01;36m[Ksubscribe[m[K(const std::string& topic, uint32_t queue_size, void(T::*fp)(M),
      |              [01;36m[K^~~~~~~~~[m[K
[01m[K/opt/ros/noetic/include/ros/node_handle.h:529:14:[m[K [01;36m[Knote: [m[K  template argument deduction/substitution failed:
[01m[K/home/sebastian/ros_ws/src/mobile_robot/src/mobilerobot_drive.cpp:22:85:[m[K [01;36m[Knote: [m[K  candidate expects 2 arguments, 1 provided
   22 |     range_sub = nh.subscribe("/ultrasonic", 10, &MobileRobot::rangeMsgcallBack, this[01;36m[K)[m[K;
      |                                                                                     [01;36m[K^[m[K
In file included from [01m[K/opt/ros/noetic/include/ros/ros.h:45[m[K,
                 from [01m[K/home/sebastian/ros_ws/src/mobile_robot/include/mobile_robot/mobilerobot_drive.h:4[m[K,
                 from [01m[K/home/sebastian/ros_ws/src/mobile_robot/src/mobilerobot_drive.cpp:1[m[K:
[01m[K/opt/ros/noetic/include/ros/node_handle.h:540:14:[m[K [01;36m[Knote: [m[Kcandidate: ‘[01m[Ktemplate<class M, class T> ros::Subscriber ros::NodeHandle::subscribe(const string&, uint32_t, void (T::*)(M) const, const boost::shared_ptr<U>&, const ros::TransportHints&)[m[K’
  540 |   Subscriber [01;36m[Ksubscribe[m[K(const std::string& topic, uint32_t queue_size, void(T::*fp)(M) const,
      |              [01;36m[K^~~~~~~~~[m[K
[01m[K/opt/ros/noetic/include/ros/node_handle.h:540:14:[m[K [01;36m[Knote: [m[K  template argument deduction/substitution failed:
[01m[K/home/sebastian/ros_ws/src/mobile_robot/src/mobilerobot_drive.cpp:22:85:[m[K [01;36m[Knote: [m[K  types ‘[01m[Kvoid (T::)(M) const[m[K’ and ‘[01m[Kvoid (MobileRobot::)()[m[K’ have incompatible cv-qualifiers
   22 |     range_sub = nh.subscribe("/ultrasonic", 10, &MobileRobot::rangeMsgcallBack, this[01;36m[K)[m[K;
      |                                                                                     [01;36m[K^[m[K
In file included from [01m[K/opt/ros/noetic/include/ros/ros.h:45[m[K,
                 from [01m[K/home/sebastian/ros_ws/src/mobile_robot/include/mobile_robot/mobilerobot_drive.h:4[m[K,
                 from [01m[K/home/sebastian/ros_ws/src/mobile_robot/src/mobilerobot_drive.cpp:1[m[K:
[01m[K/opt/ros/noetic/include/ros/node_handle.h:594:14:[m[K [01;36m[Knote: [m[Kcandidate: ‘[01m[Ktemplate<class M, class T> ros::Subscriber ros::NodeHandle::subscribe(const string&, uint32_t, void (T::*)(const boost::shared_ptr<const M>&), const boost::shared_ptr<U>&, const ros::TransportHints&)[m[K’
  594 |   Subscriber [01;36m[Ksubscribe[m[K(const std::string& topic, uint32_t queue_size,
      |              [01;36m[K^~~~~~~~~[m[K
[01m[K/opt/ros/noetic/include/ros/node_handle.h:594:14:[m[K [01;36m[Knote: [m[K  template argument deduction/substitution failed:
[01m[K/home/sebastian/ros_ws/src/mobile_robot/src/mobilerobot_drive.cpp:22:85:[m[K [01;36m[Knote: [m[K  candidate expects 2 arguments, 1 provided
   22 |     range_sub = nh.subscribe("/ultrasonic", 10, &MobileRobot::rangeMsgcallBack, this[01;36m[K)[m[K;
      |                                                                                     [01;36m[K^[m[K
In file included from [01m[K/opt/ros/noetic/include/ros/ros.h:45[m[K,
                 from [01m[K/home/sebastian/ros_ws/src/mobile_robot/include/mobile_robot/mobilerobot_drive.h:4[m[K,
                 from [01m[K/home/sebastian/ros_ws/src/mobile_robot/src/mobilerobot_drive.cpp:1[m[K:
[01m[K/opt/ros/noetic/include/ros/node_handle.h:605:14:[m[K [01;36m[Knote: [m[Kcandidate: ‘[01m[Ktemplate<class M, class T> ros::Subscriber ros::NodeHandle::subscribe(const string&, uint32_t, void (T::*)(const boost::shared_ptr<const M>&) const, const boost::shared_ptr<U>&, const ros::TransportHints&)[m[K’
  605 |   Subscriber [01;36m[Ksubscribe[m[K(const std::string& topic, uint32_t queue_size,
      |              [01;36m[K^~~~~~~~~[m[K
[01m[K/opt/ros/noetic/include/ros/node_handle.h:605:14:[m[K [01;36m[Knote: [m[K  template argument deduction/substitution failed:
[01m[K/home/sebastian/ros_ws/src/mobile_robot/src/mobilerobot_drive.cpp:22:85:[m[K [01;36m[Knote: [m[K  types ‘[01m[Kvoid (T::)(const boost::shared_ptr<const M>&) const[m[K’ and ‘[01m[Kvoid (MobileRobot::)()[m[K’ have incompatible cv-qualifiers
   22 |     range_sub = nh.subscribe("/ultrasonic", 10, &MobileRobot::rangeMsgcallBack, this[01;36m[K)[m[K;
      |                                                                                     [01;36m[K^[m[K
In file included from [01m[K/opt/ros/noetic/include/ros/ros.h:45[m[K,
                 from [01m[K/home/sebastian/ros_ws/src/mobile_robot/include/mobile_robot/mobilerobot_drive.h:4[m[K,
                 from [01m[K/home/sebastian/ros_ws/src/mobile_robot/src/mobilerobot_drive.cpp:1[m[K:
[01m[K/opt/ros/noetic/include/ros/node_handle.h:656:14:[m[K [01;36m[Knote: [m[Kcandidate: ‘[01m[Ktemplate<class M> ros::Subscriber ros::NodeHandle::subscribe(const string&, uint32_t, void (*)(M), const ros::TransportHints&)[m[K’
  656 |   Subscriber [01;36m[Ksubscribe[m[K(const std::string& topic, uint32_t queue_size, void(*fp)(M), const TransportHints& transport_hints = TransportHints())
      |              [01;36m[K^~~~~~~~~[m[K
[01m[K/opt/ros/noetic/include/ros/node_handle.h:656:14:[m[K [01;36m[Knote: [m[K  template argument deduction/substitution failed:
[01m[K/home/sebastian/ros_ws/src/mobile_robot/src/mobilerobot_drive.cpp:22:85:[m[K [01;36m[Knote: [m[K  mismatched types ‘[01m[Kvoid (*)(M)[m[K’ and ‘[01m[Kvoid (MobileRobot::*)()[m[K’
   22 |     range_sub = nh.subscribe("/ultrasonic", 10, &MobileRobot::rangeMsgcallBack, this[01;36m[K)[m[K;
      |                                                                                     [01;36m[K^[m[K
In file included from [01m[K/opt/ros/noetic/include/ros/ros.h:45[m[K,
                 from [01m[K/home/sebastian/ros_ws/src/mobile_robot/include/mobile_robot/mobilerobot_drive.h:4[m[K,
                 from [01m[K/home/sebastian/ros_ws/src/mobile_robot/src/mobilerobot_drive.cpp:1[m[K:
[01m[K/opt/ros/noetic/include/ros/node_handle.h:704:14:[m[K [01;36m[Knote: [m[Kcandidate: ‘[01m[Ktemplate<class M> ros::Subscriber ros::NodeHandle::subscribe(const string&, uint32_t, void (*)(const boost::shared_ptr<const M>&), const ros::TransportHints&)[m[K’
  704 |   Subscriber [01;36m[Ksubscribe[m[K(const std::string& topic, uint32_t queue_size, void(*fp)(const boost::shared_ptr<M const>&), const TransportHints& transport_hints = TransportHints())
      |              [01;36m[K^~~~~~~~~[m[K
[01m[K/opt/ros/noetic/include/ros/node_handle.h:704:14:[m[K [01;36m[Knote: [m[K  template argument deduction/substitution failed:
[01m[K/home/sebastian/ros_ws/src/mobile_robot/src/mobilerobot_drive.cpp:22:85:[m[K [01;36m[Knote: [m[K  mismatched types ‘[01m[Kvoid (*)(const boost::shared_ptr<const M>&)[m[K’ and ‘[01m[Kvoid (MobileRobot::*)()[m[K’
   22 |     range_sub = nh.subscribe("/ultrasonic", 10, &MobileRobot::rangeMsgcallBack, this[01;36m[K)[m[K;
      |                                                                                     [01;36m[K^[m[K
In file included from [01m[K/opt/ros/noetic/include/ros/ros.h:45[m[K,
                 from [01m[K/home/sebastian/ros_ws/src/mobile_robot/include/mobile_robot/mobilerobot_drive.h:4[m[K,
                 from [01m[K/home/sebastian/ros_ws/src/mobile_robot/src/mobilerobot_drive.cpp:1[m[K:
[01m[K/opt/ros/noetic/include/ros/node_handle.h:750:14:[m[K [01;36m[Knote: [m[Kcandidate: ‘[01m[Ktemplate<class M> ros::Subscriber ros::NodeHandle::subscribe(const string&, uint32_t, const boost::function<void(const boost::shared_ptr<const M>&)>&, const VoidConstPtr&, const ros::TransportHints&)[m[K’
  750 |   Subscriber [01;36m[Ksubscribe[m[K(const std::string& topic, uint32_t queue_size, const boost::function<void (const boost::shared_ptr<M const>&)>& callback,
      |              [01;36m[K^~~~~~~~~[m[K
[01m[K/opt/ros/noetic/include/ros/node_handle.h:750:14:[m[K [01;36m[Knote: [m[K  template argument deduction/substitution failed:
[01m[K/home/sebastian/ros_ws/src/mobile_robot/src/mobilerobot_drive.cpp:22:85:[m[K [01;36m[Knote: [m[K  mismatched types ‘[01m[Kconst boost::function<void(const boost::shared_ptr<const M>&)>[m[K’ and ‘[01m[Kvoid (MobileRobot::*)()[m[K’
   22 |     range_sub = nh.subscribe("/ultrasonic", 10, &MobileRobot::rangeMsgcallBack, this[01;36m[K)[m[K;
      |                                                                                     [01;36m[K^[m[K
In file included from [01m[K/opt/ros/noetic/include/ros/ros.h:45[m[K,
                 from [01m[K/home/sebastian/ros_ws/src/mobile_robot/include/mobile_robot/mobilerobot_drive.h:4[m[K,
                 from [01m[K/home/sebastian/ros_ws/src/mobile_robot/src/mobilerobot_drive.cpp:1[m[K:
[01m[K/opt/ros/noetic/include/ros/node_handle.h:799:14:[m[K [01;36m[Knote: [m[Kcandidate: ‘[01m[Ktemplate<class M, class C> ros::Subscriber ros::NodeHandle::subscribe(const string&, uint32_t, const boost::function<void(C)>&, const VoidConstPtr&, const ros::TransportHints&)[m[K’
  799 |   Subscriber [01;36m[Ksubscribe[m[K(const std::string& topic, uint32_t queue_size, const boost::function<void (C)>& callback,
      |              [01;36m[K^~~~~~~~~[m[K
[01m[K/opt/ros/noetic/include/ros/node_handle.h:799:14:[m[K [01;36m[Knote: [m[K  template argument deduction/substitution failed:
[01m[K/home/sebastian/ros_ws/src/mobile_robot/src/mobilerobot_drive.cpp:22:85:[m[K [01;36m[Knote: [m[K  mismatched types ‘[01m[Kconst boost::function<void(C)>[m[K’ and ‘[01m[Kvoid (MobileRobot::*)()[m[K’
   22 |     range_sub = nh.subscribe("/ultrasonic", 10, &MobileRobot::rangeMsgcallBack, this[01;36m[K)[m[K;
      |                                                                                     [01;36m[K^[m[K
In file included from [01m[K/opt/ros/noetic/include/ros/ros.h:45[m[K,
                 from [01m[K/home/sebastian/ros_ws/src/mobile_robot/include/mobile_robot/mobilerobot_drive.h:4[m[K,
                 from [01m[K/home/sebastian/ros_ws/src/mobile_robot/src/mobilerobot_drive.cpp:1[m[K:
[01m[K/opt/ros/noetic/include/ros/node_handle.h:836:14:[m[K [01;36m[Knote: [m[Kcandidate: ‘[01m[Kros::Subscriber ros::NodeHandle::subscribe(ros::SubscribeOptions&)[m[K’
  836 |   Subscriber [01;36m[Ksubscribe[m[K(SubscribeOptions& ops);
      |              [01;36m[K^~~~~~~~~[m[K
[01m[K/opt/ros/noetic/include/ros/node_handle.h:836:14:[m[K [01;36m[Knote: [m[K  candidate expects 1 argument, 4 provided
[01m[K/home/sebastian/ros_ws/src/mobile_robot/src/mobilerobot_drive.cpp:23:80:[m[K [01;31m[Kerror: [m[Kno matching function for call to ‘[01m[Kros::NodeHandle::subscribe(const char [7], int, void (MobileRobot::*)(), MobileRobot*)[m[K’
   23 |     infra_sub = nh.subscribe("/infra", 10, &MobileRobot::infraMsgcallBack, this[01;31m[K)[m[K;
      |                                                                                [01;31m[K^[m[K
In file included from [01m[K/opt/ros/noetic/include/ros/ros.h:45[m[K,
                 from [01m[K/home/sebastian/ros_ws/src/mobile_robot/include/mobile_robot/mobilerobot_drive.h:4[m[K,
                 from [01m[K/home/sebastian/ros_ws/src/mobile_robot/src/mobilerobot_drive.cpp:1[m[K:
[01m[K/opt/ros/noetic/include/ros/node_handle.h:402:14:[m[K [01;36m[Knote: [m[Kcandidate: ‘[01m[Ktemplate<class M, class T> ros::Subscriber ros::NodeHandle::subscribe(const string&, uint32_t, void (T::*)(M), T*, const ros::TransportHints&)[m[K’
  402 |   Subscriber [01;36m[Ksubscribe[m[K(const std::string& topic, uint32_t queue_size, void(T::*fp)(M), T* obj,
      |              [01;36m[K^~~~~~~~~[m[K
[01m[K/opt/ros/noetic/include/ros/node_handle.h:402:14:[m[K [01;36m[Knote: [m[K  template argument deduction/substitution failed:
[01m[K/home/sebastian/ros_ws/src/mobile_robot/src/mobilerobot_drive.cpp:23:80:[m[K [01;36m[Knote: [m[K  candidate expects 2 arguments, 1 provided
   23 |     infra_sub = nh.subscribe("/infra", 10, &MobileRobot::infraMsgcallBack, this[01;36m[K)[m[K;
      |                                                                                [01;36m[K^[m[K
In file included from [01m[K/opt/ros/noetic/include/ros/ros.h:45[m[K,
                 from [01m[K/home/sebastian/ros_ws/src/mobile_robot/include/mobile_robot/mobilerobot_drive.h:4[m[K,
                 from [01m[K/home/sebastian/ros_ws/src/mobile_robot/src/mobilerobot_drive.cpp:1[m[K:
[01m[K/opt/ros/noetic/include/ros/node_handle.h:413:14:[m[K [01;36m[Knote: [m[Kcandidate: ‘[01m[Ktemplate<class M, class T> ros::Subscriber ros::NodeHandle::subscribe(const string&, uint32_t, void (T::*)(M) const, T*, const ros::TransportHints&)[m[K’
  413 |   Subscriber [01;36m[Ksubscribe[m[K(const std::string& topic, uint32_t queue_size, void(T::*fp)(M) const, T* obj,
      |              [01;36m[K^~~~~~~~~[m[K
[01m[K/opt/ros/noetic/include/ros/node_handle.h:413:14:[m[K [01;36m[Knote: [m[K  template argument deduction/substitution failed:
[01m[K/home/sebastian/ros_ws/src/mobile_robot/src/mobilerobot_drive.cpp:23:80:[m[K [01;36m[Knote: [m[K  types ‘[01m[Kvoid (T::)(M) const[m[K’ and ‘[01m[Kvoid (MobileRobot::)()[m[K’ have incompatible cv-qualifiers
   23 |     infra_sub = nh.subscribe("/infra", 10, &MobileRobot::infraMsgcallBack, this[01;36m[K)[m[K;
      |                                                                                [01;36m[K^[m[K
In file included from [01m[K/opt/ros/noetic/include/ros/ros.h:45[m[K,
                 from [01m[K/home/sebastian/ros_ws/src/mobile_robot/include/mobile_robot/mobilerobot_drive.h:4[m[K,
                 from [01m[K/home/sebastian/ros_ws/src/mobile_robot/src/mobilerobot_drive.cpp:1[m[K:
[01m[K/opt/ros/noetic/include/ros/node_handle.h:465:14:[m[K [01;36m[Knote: [m[Kcandidate: ‘[01m[Ktemplate<class M, class T> ros::Subscriber ros::NodeHandle::subscribe(const string&, uint32_t, void (T::*)(const boost::shared_ptr<const M>&), T*, const ros::TransportHints&)[m[K’
  465 |   Subscriber [01;36m[Ksubscribe[m[K(const std::string& topic, uint32_t queue_size,
      |              [01;36m[K^~~~~~~~~[m[K
[01m[K/opt/ros/noetic/include/ros/node_handle.h:465:14:[m[K [01;36m[Knote: [m[K  template argument deduction/substitution failed:
[01m[K/home/sebastian/ros_ws/src/mobile_robot/src/mobilerobot_drive.cpp:23:80:[m[K [01;36m[Knote: [m[K  candidate expects 2 arguments, 1 provided
   23 |     infra_sub = nh.subscribe("/infra", 10, &MobileRobot::infraMsgcallBack, this[01;36m[K)[m[K;
      |                                                                                [01;36m[K^[m[K
In file included from [01m[K/opt/ros/noetic/include/ros/ros.h:45[m[K,
                 from [01m[K/home/sebastian/ros_ws/src/mobile_robot/include/mobile_robot/mobilerobot_drive.h:4[m[K,
                 from [01m[K/home/sebastian/ros_ws/src/mobile_robot/src/mobilerobot_drive.cpp:1[m[K:
[01m[K/opt/ros/noetic/include/ros/node_handle.h:475:14:[m[K [01;36m[Knote: [m[Kcandidate: ‘[01m[Ktemplate<class M, class T> ros::Subscriber ros::NodeHandle::subscribe(const string&, uint32_t, void (T::*)(const boost::shared_ptr<const M>&) const, T*, const ros::TransportHints&)[m[K’
  475 |   Subscriber [01;36m[Ksubscribe[m[K(const std::string& topic, uint32_t queue_size,
      |              [01;36m[K^~~~~~~~~[m[K
[01m[K/opt/ros/noetic/include/ros/node_handle.h:475:14:[m[K [01;36m[Knote: [m[K  template argument deduction/substitution failed:
[01m[K/home/sebastian/ros_ws/src/mobile_robot/src/mobilerobot_drive.cpp:23:80:[m[K [01;36m[Knote: [m[K  types ‘[01m[Kvoid (T::)(const boost::shared_ptr<const M>&) const[m[K’ and ‘[01m[Kvoid (MobileRobot::)()[m[K’ have incompatible cv-qualifiers
   23 |     infra_sub = nh.subscribe("/infra", 10, &MobileRobot::infraMsgcallBack, this[01;36m[K)[m[K;
      |                                                                                [01;36m[K^[m[K
In file included from [01m[K/opt/ros/noetic/include/ros/ros.h:45[m[K,
                 from [01m[K/home/sebastian/ros_ws/src/mobile_robot/include/mobile_robot/mobilerobot_drive.h:4[m[K,
                 from [01m[K/home/sebastian/ros_ws/src/mobile_robot/src/mobilerobot_drive.cpp:1[m[K:
[01m[K/opt/ros/noetic/include/ros/node_handle.h:529:14:[m[K [01;36m[Knote: [m[Kcandidate: ‘[01m[Ktemplate<class M, class T> ros::Subscriber ros::NodeHandle::subscribe(const string&, uint32_t, void (T::*)(M), const boost::shared_ptr<U>&, const ros::TransportHints&)[m[K’
  529 |   Subscriber [01;36m[Ksubscribe[m[K(const std::string& topic, uint32_t queue_size, void(T::*fp)(M),
      |              [01;36m[K^~~~~~~~~[m[K
[01m[K/opt/ros/noetic/include/ros/node_handle.h:529:14:[m[K [01;36m[Knote: [m[K  template argument deduction/substitution failed:
[01m[K/home/sebastian/ros_ws/src/mobile_robot/src/mobilerobot_drive.cpp:23:80:[m[K [01;36m[Knote: [m[K  candidate expects 2 arguments, 1 provided
   23 |     infra_sub = nh.subscribe("/infra", 10, &MobileRobot::infraMsgcallBack, this[01;36m[K)[m[K;
      |                                                                                [01;36m[K^[m[K
In file included from [01m[K/opt/ros/noetic/include/ros/ros.h:45[m[K,
                 from [01m[K/home/sebastian/ros_ws/src/mobile_robot/include/mobile_robot/mobilerobot_drive.h:4[m[K,
                 from [01m[K/home/sebastian/ros_ws/src/mobile_robot/src/mobilerobot_drive.cpp:1[m[K:
[01m[K/opt/ros/noetic/include/ros/node_handle.h:540:14:[m[K [01;36m[Knote: [m[Kcandidate: ‘[01m[Ktemplate<class M, class T> ros::Subscriber ros::NodeHandle::subscribe(const string&, uint32_t, void (T::*)(M) const, const boost::shared_ptr<U>&, const ros::TransportHints&)[m[K’
  540 |   Subscriber [01;36m[Ksubscribe[m[K(const std::string& topic, uint32_t queue_size, void(T::*fp)(M) const,
      |              [01;36m[K^~~~~~~~~[m[K
[01m[K/opt/ros/noetic/include/ros/node_handle.h:540:14:[m[K [01;36m[Knote: [m[K  template argument deduction/substitution failed:
[01m[K/home/sebastian/ros_ws/src/mobile_robot/src/mobilerobot_drive.cpp:23:80:[m[K [01;36m[Knote: [m[K  types ‘[01m[Kvoid (T::)(M) const[m[K’ and ‘[01m[Kvoid (MobileRobot::)()[m[K’ have incompatible cv-qualifiers
   23 |     infra_sub = nh.subscribe("/infra", 10, &MobileRobot::infraMsgcallBack, this[01;36m[K)[m[K;
      |                                                                                [01;36m[K^[m[K
In file included from [01m[K/opt/ros/noetic/include/ros/ros.h:45[m[K,
                 from [01m[K/home/sebastian/ros_ws/src/mobile_robot/include/mobile_robot/mobilerobot_drive.h:4[m[K,
                 from [01m[K/home/sebastian/ros_ws/src/mobile_robot/src/mobilerobot_drive.cpp:1[m[K:
[01m[K/opt/ros/noetic/include/ros/node_handle.h:594:14:[m[K [01;36m[Knote: [m[Kcandidate: ‘[01m[Ktemplate<class M, class T> ros::Subscriber ros::NodeHandle::subscribe(const string&, uint32_t, void (T::*)(const boost::shared_ptr<const M>&), const boost::shared_ptr<U>&, const ros::TransportHints&)[m[K’
  594 |   Subscriber [01;36m[Ksubscribe[m[K(const std::string& topic, uint32_t queue_size,
      |              [01;36m[K^~~~~~~~~[m[K
[01m[K/opt/ros/noetic/include/ros/node_handle.h:594:14:[m[K [01;36m[Knote: [m[K  template argument deduction/substitution failed:
[01m[K/home/sebastian/ros_ws/src/mobile_robot/src/mobilerobot_drive.cpp:23:80:[m[K [01;36m[Knote: [m[K  candidate expects 2 arguments, 1 provided
   23 |     infra_sub = nh.subscribe("/infra", 10, &MobileRobot::infraMsgcallBack, this[01;36m[K)[m[K;
      |                                                                                [01;36m[K^[m[K
In file included from [01m[K/opt/ros/noetic/include/ros/ros.h:45[m[K,
                 from [01m[K/home/sebastian/ros_ws/src/mobile_robot/include/mobile_robot/mobilerobot_drive.h:4[m[K,
                 from [01m[K/home/sebastian/ros_ws/src/mobile_robot/src/mobilerobot_drive.cpp:1[m[K:
[01m[K/opt/ros/noetic/include/ros/node_handle.h:605:14:[m[K [01;36m[Knote: [m[Kcandidate: ‘[01m[Ktemplate<class M, class T> ros::Subscriber ros::NodeHandle::subscribe(const string&, uint32_t, void (T::*)(const boost::shared_ptr<const M>&) const, const boost::shared_ptr<U>&, const ros::TransportHints&)[m[K’
  605 |   Subscriber [01;36m[Ksubscribe[m[K(const std::string& topic, uint32_t queue_size,
      |              [01;36m[K^~~~~~~~~[m[K
[01m[K/opt/ros/noetic/include/ros/node_handle.h:605:14:[m[K [01;36m[Knote: [m[K  template argument deduction/substitution failed:
[01m[K/home/sebastian/ros_ws/src/mobile_robot/src/mobilerobot_drive.cpp:23:80:[m[K [01;36m[Knote: [m[K  types ‘[01m[Kvoid (T::)(const boost::shared_ptr<const M>&) const[m[K’ and ‘[01m[Kvoid (MobileRobot::)()[m[K’ have incompatible cv-qualifiers
   23 |     infra_sub = nh.subscribe("/infra", 10, &MobileRobot::infraMsgcallBack, this[01;36m[K)[m[K;
      |                                                                                [01;36m[K^[m[K
In file included from [01m[K/opt/ros/noetic/include/ros/ros.h:45[m[K,
                 from [01m[K/home/sebastian/ros_ws/src/mobile_robot/include/mobile_robot/mobilerobot_drive.h:4[m[K,
                 from [01m[K/home/sebastian/ros_ws/src/mobile_robot/src/mobilerobot_drive.cpp:1[m[K:
[01m[K/opt/ros/noetic/include/ros/node_handle.h:656:14:[m[K [01;36m[Knote: [m[Kcandidate: ‘[01m[Ktemplate<class M> ros::Subscriber ros::NodeHandle::subscribe(const string&, uint32_t, void (*)(M), const ros::TransportHints&)[m[K’
  656 |   Subscriber [01;36m[Ksubscribe[m[K(const std::string& topic, uint32_t queue_size, void(*fp)(M), const TransportHints& transport_hints = TransportHints())
      |              [01;36m[K^~~~~~~~~[m[K
[01m[K/opt/ros/noetic/include/ros/node_handle.h:656:14:[m[K [01;36m[Knote: [m[K  template argument deduction/substitution failed:
[01m[K/home/sebastian/ros_ws/src/mobile_robot/src/mobilerobot_drive.cpp:23:80:[m[K [01;36m[Knote: [m[K  mismatched types ‘[01m[Kvoid (*)(M)[m[K’ and ‘[01m[Kvoid (MobileRobot::*)()[m[K’
   23 |     infra_sub = nh.subscribe("/infra", 10, &MobileRobot::infraMsgcallBack, this[01;36m[K)[m[K;
      |                                                                                [01;36m[K^[m[K
In file included from [01m[K/opt/ros/noetic/include/ros/ros.h:45[m[K,
                 from [01m[K/home/sebastian/ros_ws/src/mobile_robot/include/mobile_robot/mobilerobot_drive.h:4[m[K,
                 from [01m[K/home/sebastian/ros_ws/src/mobile_robot/src/mobilerobot_drive.cpp:1[m[K:
[01m[K/opt/ros/noetic/include/ros/node_handle.h:704:14:[m[K [01;36m[Knote: [m[Kcandidate: ‘[01m[Ktemplate<class M> ros::Subscriber ros::NodeHandle::subscribe(const string&, uint32_t, void (*)(const boost::shared_ptr<const M>&), const ros::TransportHints&)[m[K’
  704 |   Subscriber [01;36m[Ksubscribe[m[K(const std::string& topic, uint32_t queue_size, void(*fp)(const boost::shared_ptr<M const>&), const TransportHints& transport_hints = TransportHints())
      |              [01;36m[K^~~~~~~~~[m[K
[01m[K/opt/ros/noetic/include/ros/node_handle.h:704:14:[m[K [01;36m[Knote: [m[K  template argument deduction/substitution failed:
[01m[K/home/sebastian/ros_ws/src/mobile_robot/src/mobilerobot_drive.cpp:23:80:[m[K [01;36m[Knote: [m[K  mismatched types ‘[01m[Kvoid (*)(const boost::shared_ptr<const M>&)[m[K’ and ‘[01m[Kvoid (MobileRobot::*)()[m[K’
   23 |     infra_sub = nh.subscribe("/infra", 10, &MobileRobot::infraMsgcallBack, this[01;36m[K)[m[K;
      |                                                                                [01;36m[K^[m[K
In file included from [01m[K/opt/ros/noetic/include/ros/ros.h:45[m[K,
                 from [01m[K/home/sebastian/ros_ws/src/mobile_robot/include/mobile_robot/mobilerobot_drive.h:4[m[K,
                 from [01m[K/home/sebastian/ros_ws/src/mobile_robot/src/mobilerobot_drive.cpp:1[m[K:
[01m[K/opt/ros/noetic/include/ros/node_handle.h:750:14:[m[K [01;36m[Knote: [m[Kcandidate: ‘[01m[Ktemplate<class M> ros::Subscriber ros::NodeHandle::subscribe(const string&, uint32_t, const boost::function<void(const boost::shared_ptr<const M>&)>&, const VoidConstPtr&, const ros::TransportHints&)[m[K’
  750 |   Subscriber [01;36m[Ksubscribe[m[K(const std::string& topic, uint32_t queue_size, const boost::function<void (const boost::shared_ptr<M const>&)>& callback,
      |              [01;36m[K^~~~~~~~~[m[K
[01m[K/opt/ros/noetic/include/ros/node_handle.h:750:14:[m[K [01;36m[Knote: [m[K  template argument deduction/substitution failed:
[01m[K/home/sebastian/ros_ws/src/mobile_robot/src/mobilerobot_drive.cpp:23:80:[m[K [01;36m[Knote: [m[K  mismatched types ‘[01m[Kconst boost::function<void(const boost::shared_ptr<const M>&)>[m[K’ and ‘[01m[Kvoid (MobileRobot::*)()[m[K’
   23 |     infra_sub = nh.subscribe("/infra", 10, &MobileRobot::infraMsgcallBack, this[01;36m[K)[m[K;
      |                                                                                [01;36m[K^[m[K
In file included from [01m[K/opt/ros/noetic/include/ros/ros.h:45[m[K,
                 from [01m[K/home/sebastian/ros_ws/src/mobile_robot/include/mobile_robot/mobilerobot_drive.h:4[m[K,
                 from [01m[K/home/sebastian/ros_ws/src/mobile_robot/src/mobilerobot_drive.cpp:1[m[K:
[01m[K/opt/ros/noetic/include/ros/node_handle.h:799:14:[m[K [01;36m[Knote: [m[Kcandidate: ‘[01m[Ktemplate<class M, class C> ros::Subscriber ros::NodeHandle::subscribe(const string&, uint32_t, const boost::function<void(C)>&, const VoidConstPtr&, const ros::TransportHints&)[m[K’
  799 |   Subscriber [01;36m[Ksubscribe[m[K(const std::string& topic, uint32_t queue_size, const boost::function<void (C)>& callback,
      |              [01;36m[K^~~~~~~~~[m[K
[01m[K/opt/ros/noetic/include/ros/node_handle.h:799:14:[m[K [01;36m[Knote: [m[K  template argument deduction/substitution failed:
[01m[K/home/sebastian/ros_ws/src/mobile_robot/src/mobilerobot_drive.cpp:23:80:[m[K [01;36m[Knote: [m[K  mismatched types ‘[01m[Kconst boost::function<void(C)>[m[K’ and ‘[01m[Kvoid (MobileRobot::*)()[m[K’
   23 |     infra_sub = nh.subscribe("/infra", 10, &MobileRobot::infraMsgcallBack, this[01;36m[K)[m[K;
      |                                                                                [01;36m[K^[m[K
In file included from [01m[K/opt/ros/noetic/include/ros/ros.h:45[m[K,
                 from [01m[K/home/sebastian/ros_ws/src/mobile_robot/include/mobile_robot/mobilerobot_drive.h:4[m[K,
                 from [01m[K/home/sebastian/ros_ws/src/mobile_robot/src/mobilerobot_drive.cpp:1[m[K:
[01m[K/opt/ros/noetic/include/ros/node_handle.h:836:14:[m[K [01;36m[Knote: [m[Kcandidate: ‘[01m[Kros::Subscriber ros::NodeHandle::subscribe(ros::SubscribeOptions&)[m[K’
  836 |   Subscriber [01;36m[Ksubscribe[m[K(SubscribeOptions& ops);
      |              [01;36m[K^~~~~~~~~[m[K
[01m[K/opt/ros/noetic/include/ros/node_handle.h:836:14:[m[K [01;36m[Knote: [m[K  candidate expects 1 argument, 4 provided
[01m[K/home/sebastian/ros_ws/src/mobile_robot/src/mobilerobot_drive.cpp:[m[K In member function ‘[01m[Kvoid MobileRobot::updatecommandVelocity(double, double)[m[K’:
[01m[K/home/sebastian/ros_ws/src/mobile_robot/src/mobilerobot_drive.cpp:35:3:[m[K [01;31m[Kerror: [m[K‘[01m[Kcmd_vel_pub_[m[K’ was not declared in this scope; did you mean ‘[01m[Kcmd_vel_pub[m[K’?
   35 |   [01;31m[Kcmd_vel_pub_[m[K.publish(cmd_vel);
      |   [01;31m[K^~~~~~~~~~~~[m[K
      |   [32m[Kcmd_vel_pub[m[K
[01m[K/home/sebastian/ros_ws/src/mobile_robot/src/mobilerobot_drive.cpp:[m[K At global scope:
[01m[K/home/sebastian/ros_ws/src/mobile_robot/src/mobilerobot_drive.cpp:38:6:[m[K [01;31m[Kerror: [m[Kno declaration matches ‘[01m[Kvoid MobileRobot::rangeMsgcallBack(const Range&)[m[K’
   38 | void [01;31m[KMobileRobot[m[K::rangeMsgcallBack(const sensor_msgs::Range &msg){
      |      [01;31m[K^~~~~~~~~~~[m[K
In file included from [01m[K/home/sebastian/ros_ws/src/mobile_robot/src/mobilerobot_drive.cpp:1[m[K:
[01m[K/home/sebastian/ros_ws/src/mobile_robot/include/mobile_robot/mobilerobot_drive.h:37:10:[m[K [01;36m[Knote: [m[Kcandidate is: ‘[01m[Kvoid MobileRobot::rangeMsgcallBack()[m[K’
   37 |     void [01;36m[KrangeMsgcallBack[m[K();
      |          [01;36m[K^~~~~~~~~~~~~~~~[m[K
[01m[K/home/sebastian/ros_ws/src/mobile_robot/include/mobile_robot/mobilerobot_drive.h:15:7:[m[K [01;36m[Knote: [m[K‘[01m[Kclass MobileRobot[m[K’ defined here
   15 | class [01;36m[KMobileRobot[m[K{
      |       [01;36m[K^~~~~~~~~~~[m[K
[01m[K/home/sebastian/ros_ws/src/mobile_robot/src/mobilerobot_drive.cpp:42:6:[m[K [01;31m[Kerror: [m[Kno declaration matches ‘[01m[Kvoid MobileRobot::infraMsgcallBack(const Range&)[m[K’
   42 | void [01;31m[KMobileRobot[m[K::infraMsgcallBack(const sensor_msgs::Range &msg){
      |      [01;31m[K^~~~~~~~~~~[m[K
In file included from [01m[K/home/sebastian/ros_ws/src/mobile_robot/src/mobilerobot_drive.cpp:1[m[K:
[01m[K/home/sebastian/ros_ws/src/mobile_robot/include/mobile_robot/mobilerobot_drive.h:36:10:[m[K [01;36m[Knote: [m[Kcandidate is: ‘[01m[Kvoid MobileRobot::infraMsgcallBack()[m[K’
   36 |     void [01;36m[KinfraMsgcallBack[m[K();
      |          [01;36m[K^~~~~~~~~~~~~~~~[m[K
[01m[K/home/sebastian/ros_ws/src/mobile_robot/include/mobile_robot/mobilerobot_drive.h:15:7:[m[K [01;36m[Knote: [m[K‘[01m[Kclass MobileRobot[m[K’ defined here
   15 | class [01;36m[KMobileRobot[m[K{
      |       [01;36m[K^~~~~~~~~~~[m[K
[01m[K/home/sebastian/ros_ws/src/mobile_robot/src/mobilerobot_drive.cpp:58:6:[m[K [01;31m[Kerror: [m[Kno declaration matches ‘[01m[Kvoid MobileRobot::controlLoop()[m[K’
   58 | void [01;31m[KMobileRobot[m[K::controlLoop(){
      |      [01;31m[K^~~~~~~~~~~[m[K
In file included from [01m[K/home/sebastian/ros_ws/src/mobile_robot/src/mobilerobot_drive.cpp:1[m[K:
[01m[K/home/sebastian/ros_ws/src/mobile_robot/include/mobile_robot/mobilerobot_drive.h:20:10:[m[K [01;36m[Knote: [m[Kcandidate is: ‘[01m[Kbool MobileRobot::controlLoop()[m[K’
   20 |     bool [01;36m[KcontrolLoop[m[K();
      |          [01;36m[K^~~~~~~~~~~[m[K
[01m[K/home/sebastian/ros_ws/src/mobile_robot/include/mobile_robot/mobilerobot_drive.h:15:7:[m[K [01;36m[Knote: [m[K‘[01m[Kclass MobileRobot[m[K’ defined here
   15 | class [01;36m[KMobileRobot[m[K{
      |       [01;36m[K^~~~~~~~~~~[m[K
make[2]: *** [CMakeFiles/mobile_robot.dir/build.make:63: CMakeFiles/mobile_robot.dir/src/mobilerobot_drive.cpp.o] Error 1
make[1]: *** [CMakeFiles/Makefile2:189: CMakeFiles/mobile_robot.dir/all] Error 2
make: *** [Makefile:141: all] Error 2
