[  0%] Built target actionlib_msgs_generate_messages_lisp
[  0%] Built target nav_msgs_generate_messages_lisp
[  0%] Built target rosgraph_msgs_generate_messages_nodejs
[  0%] Built target std_msgs_generate_messages_lisp
[  0%] Built target nav_msgs_generate_messages_eus
[  0%] Built target actionlib_msgs_generate_messages_nodejs
[  0%] Built target std_msgs_generate_messages_eus
[  0%] Built target actionlib_msgs_generate_messages_cpp
[  0%] Built target roscpp_generate_messages_nodejs
[  0%] Built target geometry_msgs_generate_messages_nodejs
[  0%] Built target geometry_msgs_generate_messages_lisp
[  0%] Built target rosgraph_msgs_generate_messages_cpp
[  0%] Built target geometry_msgs_generate_messages_cpp
[  0%] Built target std_msgs_generate_messages_cpp
[  0%] Built target roscpp_generate_messages_lisp
[  0%] Built target rosgraph_msgs_generate_messages_py
[  0%] Built target sensor_msgs_generate_messages_py
[  0%] Built target nav_msgs_generate_messages_py
[  0%] Built target geometry_msgs_generate_messages_py
[  0%] Built target sensor_msgs_generate_messages_nodejs
[  0%] Built target geometry_msgs_generate_messages_eus
[  0%] Built target sensor_msgs_generate_messages_lisp
[  0%] Built target std_msgs_generate_messages_nodejs
[  0%] Built target std_msgs_generate_messages_py
[  0%] Built target roscpp_generate_messages_py
[  0%] Built target roscpp_generate_messages_eus
[  0%] Built target sensor_msgs_generate_messages_cpp
[  0%] Built target roscpp_generate_messages_cpp
[  0%] Built target sensor_msgs_generate_messages_eus
[  0%] Built target nav_msgs_generate_messages_cpp
[  0%] Built target rosgraph_msgs_generate_messages_eus
[  0%] Built target actionlib_msgs_generate_messages_eus
[  0%] Built target nav_msgs_generate_messages_nodejs
[  0%] Built target rosgraph_msgs_generate_messages_lisp
[  0%] Built target actionlib_msgs_generate_messages_py
[35m[1mScanning dependencies of target mobile_robot[0m
[ 50%] [32mBuilding CXX object CMakeFiles/mobile_robot.dir/src/mobilerobot_drive.cpp.o[0m
[01m[K/home/sebastian/ros_ws/src/mobile_robot/src/mobilerobot_drive.cpp:[m[K In member function ‘[01m[Kvoid MobileRobot::rangeMsgcallBack(const Float32MultiArray&)[m[K’:
[01m[K/home/sebastian/ros_ws/src/mobile_robot/src/mobilerobot_drive.cpp:39:19:[m[K [01;31m[Kerror: [m[Kbase operand of ‘[01m[K->[m[K’ has non-pointer type ‘[01m[Kconst Float32MultiArray[m[K’ {aka ‘[01m[Kconst std_msgs::Float32MultiArray_<std::allocator<void> >[m[K’}
   39 |   range_data = msg[01;31m[K->[m[Kdata;
      |                   [01;31m[K^~[m[K
make[2]: *** [CMakeFiles/mobile_robot.dir/build.make:63: CMakeFiles/mobile_robot.dir/src/mobilerobot_drive.cpp.o] Error 1
make[1]: *** [CMakeFiles/Makefile2:209: CMakeFiles/mobile_robot.dir/all] Error 2
make: *** [Makefile:141: all] Error 2
